4167747
7617052
13878079
15575029
21654682
35456903
38622546
63117456
66362006
88169729
98666557
116751270
130797408
143684178
150623987
164344955
165879679
181385072
195879570
225099455
248980238
256915625
259554824
266135908
278706354
291387572
309309840
341467729
351535501
376995115
387292794
394653450
421934415
435230890
457904691
480664220
510238704
526900772
536024001
545613420
559152048
570385408
627309176
668480003
685035838
693479541
714086705
750150661
787951064
806945571
857396055
903687797
928608603
930672877
941137329
950728743
979755063
1008661790
1035520055
1062200843
1093064146
1110214808
1116840947
1120057428
1123758183
1156732668
1198428918
1244144286
1288930923
1304584671
1334584082
1352526118
1412129119
1591032415
1643800826
1660205789
1698584692
1760076301
1810332000
1869747627
1963044961
2070373635
2112726016
2131012680
2256054772
2275177405
2306862316
2317074943
2320462359
2398864273
2405573197
2423526201
2454575163
2526716726
2577909569
2582284860
2630014544
2696723912
2710459119
2744021912
2847414101
2864172412
2911675922
2933793581
2997460169
3078700498
3101732642
3183827903
3223578343
3265098979
3266601979
3292424620
3313558013
3407333787
3415442718
3455070575
3524185690
3657136702
3657524542
3689675870
3731577594
3735030833
3736695740
3838062708
3884711101
3940618967
4005202173
4052740855
4067294229
4111892513
4175674282
4230458911
4264837674
4327286653
4362173753
4436817359
4496577594
4489416310
4620801971
4631142683
4646194931
4696911659
4735193811
4757413754
4776633395
4803204900
4842843714
4861372414
4889941465
4923477101
5012849331
5090492459
5129389939
5171120412
5171975582
5258826053
5246660582
5290211172
5333601771
5410374256
5416227776
5476086379
5472473535
5547523172
5572930866
5624931233
5626914803
5732735329
5789961217
5806492338
5967381936
6002063896
6028768634
6112617387
6218117792
6252322942
6276041984
6307763983
6312558546
6378421315
6387073937
6536153401
6671069632
6782664248
6808706597
6858644801
6941643513
6950219577
7007041727
7048364440
7061631715
7080492993
7116941281
7181260885
7187698271
7207586636
7232771841
7295943527
7342395912
7421829516
7427510403
7454278189
7533556699
7559562165
7587503631
7639614787
7679184386
7743700285
7756188559
7782623453
7848392484
7896649430
7956932661
7977622683
7981295391
8008429633
8038836640
8074018324
8170781613
8184130201
8232190222
8305867572
8358939376
8392984386
8410425586
8445876802
8473835334
8519400083
8639113716
8695064671
8709733116
8755144868
8813713886
8826605408
9012558657
9044742204
9071771131
9098199333
9250382963
9282700434
9335153799
9354640179
9369410745
9376555077
9395413295
9439651677
9487876695
9643216749
9642970132
9654475166
9777343118
9824574840
9832646820
9865624412
9882196246
9923976294
9937025622
9945572339
9979376711
10003465884
10226098000
10230826292
10248094301
10271387353
10278336750
10403984342
10437771035
10487308263
10615913653
10699766196
10730109107
10777112452
10790842218
10824917444
10880121834
10894352519
10901649473
10964068327
10972601562
11103205137
11135277609
11269944066
11334861437
11406459764
11423908138
11525035554
11566712986
11809602908
11874962590
11888372479
11927548880
11961323990
11973244448
12018315365
12042309886
12062644718
12235934298
12286624567
12345980982
12469556014
12518321949
12578719304
12631614270
12647233191
12696139078
12842934502
12910175410
12978547874
13021651851
13086966174
13167350795
13222005077
13251190690
13256399585
13321816159
13390239629
13455385021
13476077258
13494414343
13554414255
13598012530
13668248958
13671212133
13716162872
13755056354
13829777437
13901885833
13919437962
13932082588
14097468877
14144902030
14166711970
14222402003
14359049566
14487607606
14522695324
14573677754
14629322126
14745797588
14762499122
14808466644
14858985206
14865522963
14883979473
15061925225
15228363973
15237640568
15291892749
15312848442
15375844993
15390837441
15405678961
15419675851
15518116280
15570626401
15644187448
15666367976
15691114232
15708568666
15777754490
15862449264
15892885257
15904522494
16018806068
16038349161
16068170972
16125849832
16167959032
16246464008
16420228927
16444659899
16469462031
16476017489
16478248560
16617548145
16698950703
16767517969
16924251641
16936319370
16941224506
16978536898
17034167660
17178153320
17261841222
17467264337
17503692719
17546332647
17592858705
17633890187
17644713267
17674203398
17700651800
17752507325
17788754428
17807376377
17820223393
17923256784
17976856841
18025876466
18147717703
18213931715
18298423281
18314235999
18382221042
18451918034
18463561949
18481972480
18507711414
18521729020
18668141945
18641795334
18658234785
18683349578
18735132791
18737996126
18774292115
18839216194
18912700773
18950913809
18965897666
18991964297
19031205108
19047736681
19080690602
19195163491
19206436045
19285208847
19422475299
19481668859
19487515968
19541281203
19753635406
19988817972
20009497862
20085542972
20164466743
20170688721
20246869186
20251197761
20315124898
20393425889
20472913151
20515162506
20512584143
20596802945
20598650624
20611032945
20701127472
20733737483
20737879828
20745807244
20801698038
20922799680
20953711715
20960850899
21065053728
21106787837
21085979910
21196551678
21216502434
21313181174
21352456573
21396156353
21428104088
21482462598
21516526317
21698753309
21866148233
22016570685
22058086418
22085106787
22095209263
22145754975
22167279419
22243009506
22252727693
22295362682
22394345806
22456087817
22636855336
22778163401
22798236048
22893647972
23102331118
23123426389
23475840133
23523969111
23546605845
23634650082
23667818908
23684485920
23703246291
23741246223
23852662409
23929461994
24057483985
24254001757
24403993850
24458339629
24472581793
24532866161
24547395141
24575145842
24597314517
24632283933
24637352803
24685496208
24965983164
25071876243
25093108604
25139711148
25266952686
25283641608
25301515654
25312630832
25416690816
25517857478
25641723669
25677658535
25705605053
25776378543
25789178213
25804701286
25859320367
26093555492
26146864821
26283099918
26510604294
26821698734
26922048178
26928595819
26948712933
27001955644
27069750289
27073249849
27334715522
27339343498
27462806167
27504329091
27623476507
27631135017
27653826487
27743199745
27739954721
27771494290
27785639273
27849113429
27896200524
27904112311
27995076625
28173922457
28310344950
28358184733
28396533452
28405886415
28472720379
28488534631
28433553613
28451567879
28487758942
28510448398
28606531894
28754692621
28775732794
28811291306
28859795199
28955876435
28969104813
29072023517
29092374341
29158193030
29234116525
29300435605
29309963019
29389732431
29389771641
29398320777
29675742130
29685711829
29697541806
29859804494
29950799093
29984511823
29970180485
30008777344
30015837878
30034477848
30175722738
30191638673
30221375138
30394940528
30465291532
30526514709
30540298303
30590727424
30740898881
30807483151
30814724555
30931748012
30975324425
30982958779
31023874695
31117969553
31283494987
31578917143
31628328188
31665306627
31673437329
31717587103
31751646750
31896799865
31916290804
32063092200
32153243950
32209504281
32250173731
32290967908
32380488412
32434883927
32480137745
32523798543
32524156537
32558382242
32681421444
32678549878
32686976422
32690176102
32847797485
32990740296
33030725704
33047200995
33114178310
33139837211
33164649058
33207624897
33362981216
33506100519
33522026981
33576313802
33577486310
33786947492
33826468941
33866356213
33918620103
34008795659
34326309738
34626535337
34667456329
34748918899
34912298504
35048982780
35057680524
35074302289
35135037968
35139294853
35304103399
35314154695
35532746869
35554531763
35562911230
35590417515
35612102776
35658761611
35771413073
35797745044
35800210462
35806449352
35923009294
35974624813
36101360985
36132019739
36154736455
36182067262
36195758661
36297438107
36546156846
36554227937
36703814939
36726171359
36744428100
36796854662
36813108496
36843801385
36879621928
36945616295
36962697994
36984033874
37023512729
37068272815
37130522070
37237736553
37254169037
37355593646
37423530294
37447985522
37556128226
37587055754
37631096587
37656098044
37661464161
37703059124
37726739948
37837122942
37921527115
37955865155
38183692046
38207310462
38215200567
38235317712
38255367153
38284159203
38416177940
38509272983
38575998132
38660333356
38768939680
38908156835
38937840952
38982189988
38990826257
39064716325
39067545739
39074577523
39115376295
39169501828
39216567805
39300941729
39309702978
39561599642
39784044585
39820461862
39845765077
39925536731
39947468279
39994201168
40035565800
40086470943
40143349741
40180532892
40226290369
40373121934
40446693978
40508642074
40518766073
40748613335
40854559961
40912056675
40931192448
40995080297
41126373997
41129412295
41264167328
41284748491
41311534707
41346778151
41441465743
41526286463
41562795198
41681575050
41696284834
41960780478
41983760401
42063309191
42169150629
42186002974
42265826908
42284029756
42314556708
42641892732
42614849653
42616852419
42928108404
42973551944
43000128861
43156224164
43169882829
43185352273
43233932792
43243994399
43328550777
43335340615
43458759613
43465768198
43537800517
43553201430
43575642278
43657296056
43672595286
43791115209
43870681480
43907820199
43930430372
43938271871
43954209754
43986680156
44022625920
44033051174
44064508634
44083719193
44119689574
44352722968
44430597170
44454962394
44481468236
44475710682
44498557891
44583959072
44704874998
44729844314
44768612973
44790610954
44867297141
44882760037
44885291468
45104862438
45362232767
45369695727
45473604747
45477015231
45549474416
45589591841
45756834667
45779302365
45956185105
45992532973
46115763331
46153017638
46336408878
46399714613
46565507693
46628359984
46646926791
46670261182
46677161509
46844455318
46882768599
46922399067
46938850298
46945981958
46966293425
46977918437
47005078063
47127670915
47148279570
47220059031
47235179819
47232424785
47245509846
47298648448
47385078857
47415424013
47451140323
47489557786
47527605550
47553471462
47571705130
47621999199
47625894529
47818361886
47848011650
47881687104
47896480869
47896601119
48072284538
48086658317
48092109961
48123604020
48134642040
48350136251
48364126925
48396191479
48459311441
48517518065
48541328588
48567123252
48594285687
48648704176
48666252651
48765925450
48883350436
48894595824
49225530570
49273490358
49307231643
49446801403
49484202385
49490270726
49557872444
49640951104
49683290986
49827396166
49982041706
50100797548
50210779528
50362168483
50578482527
50630786625
50728380118
50733309991
50952488039
51059501408
51053962199
51159030031
51244639226
51292441988
51299948582
51377302676
51394319637
51472782512
51498563420
51505537574
51602150497
51679503724
51709264242
51711858837
51746595967
51780080949
51848693526
52093964349
52271047044
52312642144
52346173972
52487241093
52547955231
52563447854
52687097287
52785400599
52916622311
52928434461
53015019460
53019985384
53051106300
53198102092
53215014734
53218318798
53262857590
53365196786
53367122416
53659324716
53823856855
54074020918
54185395556
54215844033
54266255717
54322970367
54367462660
54381958557
54396036443
54416414401
54472946326
54500200692
54553186552
54646063155
54666000131
54725491146
54943654702
54960523309
55130728309
55218722908
55261775249
55271071899
55302339942
55431391420
55451279223
55606304069
55637363352
55671578342
55787807405
55926970982
56021804257
56084506387
56178120514
56246569982
56260873670
56288841925
56346137557
56428406244
56465003226
56474680753
56525461593
56782936378
56818604596
56862898585
56869515573
56901695980
56929935378
56938078210
56971899037
56995266453
57071582125
57159879133
57173759391
57290859710
57416379283
57461631236
57480681576
57502163805
57587435523
57593053166
57708911003
